2022-04-19 09:55:15,343:INFO: Creating the dataset...
2022-04-19 09:55:15,348:INFO: - done.
2022-04-19 09:55:15,374:INFO: Starting evaluation
2022-04-19 09:55:15,515:INFO: - Eval metrics : accuracy: 0.852 ; loss: 0.365
2022-04-19 09:59:07,297:INFO: Creating the dataset...
2022-04-19 09:59:07,301:INFO: - done.
2022-04-19 09:59:07,312:INFO: Starting evaluation
2022-04-19 09:59:07,403:INFO: - Eval metrics : accuracy: 0.852 ; loss: 0.365
2022-04-19 10:18:19,738:INFO: Creating the dataset...
2022-04-19 10:18:19,748:INFO: - done.
2022-04-19 10:18:19,813:INFO: Starting evaluation
2022-04-19 10:18:20,074:INFO: - Eval metrics : accuracy: 0.852 ; loss: 0.365
2022-04-19 10:36:03,961:INFO: Creating the dataset...
2022-04-19 10:36:03,971:INFO: - done.
2022-04-19 10:36:04,004:INFO: Starting evaluation
2022-04-19 10:36:04,198:INFO: - Eval metrics : accuracy: 0.852 ; loss: 0.365
2022-04-19 22:39:50,884:INFO: Creating the dataset...
2022-04-19 22:39:50,893:INFO: - done.
2022-04-19 22:39:50,893:INFO: Starting evaluation
2022-04-19 22:39:50,924:INFO: - Eval metrics : accuracy: 0.792 ; loss: 0.451
2022-04-19 22:41:42,737:INFO: Creating the dataset...
2022-04-19 22:41:42,739:INFO: - done.
2022-04-19 22:41:42,742:INFO: Starting evaluation
2022-04-19 22:41:42,788:INFO: - Eval metrics : accuracy: 0.792 ; loss: 0.451
2022-04-19 22:42:01,251:INFO: Creating the dataset...
2022-04-19 22:42:01,253:INFO: - done.
2022-04-19 22:42:01,256:INFO: Starting evaluation
2022-04-19 22:42:01,317:INFO: - Eval metrics : accuracy: 0.792 ; loss: 0.451
2022-04-19 22:49:21,658:INFO: Creating the dataset...
2022-04-19 22:49:21,661:INFO: - done.
2022-04-19 22:49:21,664:INFO: Starting evaluation
2022-04-19 22:49:21,702:INFO: - Eval metrics : accuracy: 0.792 ; loss: 0.451
2022-04-19 22:49:58,284:INFO: Creating the dataset...
2022-04-19 22:49:58,287:INFO: - done.
2022-04-19 22:49:58,291:INFO: Starting evaluation
2022-04-19 22:49:58,336:INFO: - Eval metrics : accuracy: 0.792 ; loss: 0.451
2022-04-19 23:07:12,540:INFO: Creating the dataset...
2022-04-19 23:07:12,542:INFO: - done.
2022-04-19 23:07:12,545:INFO: Starting evaluation
2022-04-19 23:07:12,576:INFO: - Eval metrics : accuracy: 0.792 ; loss: 0.451
2022-04-19 23:09:21,214:INFO: Creating the dataset...
2022-04-19 23:09:21,217:INFO: - done.
2022-04-19 23:09:21,220:INFO: Starting evaluation
2022-04-19 23:09:21,256:INFO: - Eval metrics : accuracy: 0.799 ; loss: 0.369
2022-04-19 23:10:05,154:INFO: Creating the dataset...
2022-04-19 23:10:05,157:INFO: - done.
2022-04-19 23:10:05,160:INFO: Starting evaluation
2022-04-19 23:10:05,193:INFO: - Eval metrics : accuracy: 0.845 ; loss: 0.334
2022-04-19 23:11:23,036:INFO: Creating the dataset...
2022-04-19 23:11:23,039:INFO: - done.
2022-04-19 23:11:23,041:INFO: Starting evaluation
2022-04-19 23:11:23,077:INFO: - Eval metrics : accuracy: 0.852 ; loss: 0.365
2022-04-19 23:12:39,187:INFO: Creating the dataset...
2022-04-19 23:12:39,190:INFO: - done.
2022-04-19 23:12:39,194:INFO: Starting evaluation
2022-04-19 23:12:39,237:INFO: - Eval metrics : accuracy: 0.852 ; loss: 0.365
2022-04-19 23:13:43,615:INFO: Creating the dataset...
2022-04-19 23:13:43,619:INFO: - done.
2022-04-19 23:13:43,624:INFO: Starting evaluation
2022-04-19 23:13:43,668:INFO: - Eval metrics : accuracy: 0.861 ; loss: 0.711
2022-04-19 23:14:49,951:INFO: Creating the dataset...
2022-04-19 23:14:49,956:INFO: - done.
2022-04-19 23:14:49,960:INFO: Starting evaluation
2022-04-19 23:14:50,005:INFO: - Eval metrics : accuracy: 0.852 ; loss: 0.365
2022-04-19 23:23:33,645:INFO: Creating the dataset...
2022-04-19 23:23:33,651:INFO: - done.
2022-04-19 23:23:33,657:INFO: Starting evaluation
2022-04-19 23:23:33,717:INFO: - Eval metrics : accuracy: 0.860 ; loss: 0.772
2022-04-19 23:23:48,088:INFO: Creating the dataset...
2022-04-19 23:23:48,091:INFO: - done.
2022-04-19 23:23:48,095:INFO: Starting evaluation
2022-04-19 23:23:48,136:INFO: - Eval metrics : accuracy: 0.860 ; loss: 0.772
