2022-04-19 09:49:27,201:INFO: Loading the datasets...
2022-04-19 09:49:27,240:INFO: - done.
2022-04-19 09:49:27,292:INFO: Starting training for 10 epoch(s)
2022-04-19 09:49:27,292:INFO: Epoch 1/10
2022-04-19 09:49:29,620:INFO: - Train metrics: accuracy: 0.772 ; loss: 0.533
2022-04-19 09:49:29,705:INFO: - Eval metrics : accuracy: 0.845 ; loss: 0.386
2022-04-19 09:49:29,743:INFO: - Found new best accuracy
2022-04-19 09:49:29,748:INFO: Epoch 2/10
2022-04-19 09:49:31,339:INFO: - Train metrics: accuracy: 0.846 ; loss: 0.362
2022-04-19 09:49:31,389:INFO: - Eval metrics : accuracy: 0.849 ; loss: 0.345
2022-04-19 09:49:31,399:INFO: - Found new best accuracy
2022-04-19 09:49:31,400:INFO: Epoch 3/10
2022-04-19 09:49:32,965:INFO: - Train metrics: accuracy: 0.863 ; loss: 0.316
2022-04-19 09:49:33,012:INFO: - Eval metrics : accuracy: 0.854 ; loss: 0.318
2022-04-19 09:49:33,021:INFO: - Found new best accuracy
2022-04-19 09:49:33,022:INFO: Epoch 4/10
2022-04-19 09:49:35,427:INFO: - Train metrics: accuracy: 0.870 ; loss: 0.269
2022-04-19 09:49:35,480:INFO: - Eval metrics : accuracy: 0.858 ; loss: 0.300
2022-04-19 09:49:35,486:INFO: - Found new best accuracy
2022-04-19 09:49:35,487:INFO: Epoch 5/10
2022-04-19 09:49:39,012:INFO: - Train metrics: accuracy: 0.924 ; loss: 0.224
2022-04-19 09:49:39,264:INFO: - Eval metrics : accuracy: 0.863 ; loss: 0.290
2022-04-19 09:49:39,284:INFO: - Found new best accuracy
2022-04-19 09:49:39,289:INFO: Epoch 6/10
2022-04-19 09:49:41,731:INFO: - Train metrics: accuracy: 0.934 ; loss: 0.180
2022-04-19 09:49:41,788:INFO: - Eval metrics : accuracy: 0.866 ; loss: 0.288
2022-04-19 09:49:41,797:INFO: - Found new best accuracy
2022-04-19 09:49:41,797:INFO: Epoch 7/10
2022-04-19 09:49:43,192:INFO: - Train metrics: accuracy: 0.940 ; loss: 0.142
2022-04-19 09:49:43,247:INFO: - Eval metrics : accuracy: 0.866 ; loss: 0.294
2022-04-19 09:49:43,253:INFO: Epoch 8/10
2022-04-19 09:49:44,759:INFO: - Train metrics: accuracy: 0.950 ; loss: 0.112
2022-04-19 09:49:44,814:INFO: - Eval metrics : accuracy: 0.865 ; loss: 0.306
2022-04-19 09:49:44,822:INFO: Epoch 9/10
2022-04-19 09:49:47,916:INFO: - Train metrics: accuracy: 0.958 ; loss: 0.091
2022-04-19 09:49:47,992:INFO: - Eval metrics : accuracy: 0.868 ; loss: 0.323
2022-04-19 09:49:48,004:INFO: - Found new best accuracy
2022-04-19 09:49:48,009:INFO: Epoch 10/10
2022-04-19 09:49:51,288:INFO: - Train metrics: accuracy: 0.964 ; loss: 0.074
2022-04-19 09:49:51,362:INFO: - Eval metrics : accuracy: 0.866 ; loss: 0.344
2022-04-19 14:12:37,254:INFO: Loading the datasets...
2022-04-19 14:16:53,373:INFO: Loading the datasets...
2022-04-19 14:18:22,492:INFO: Loading the datasets...
2022-04-19 14:19:13,406:INFO: Loading the datasets...
2022-04-19 14:20:55,059:INFO: Loading the datasets...
2022-04-19 14:22:38,416:INFO: Loading the datasets...
2022-04-19 14:25:30,669:INFO: Loading the datasets...
2022-04-19 14:28:05,908:INFO: Loading the datasets...
2022-04-19 14:29:34,657:INFO: Loading the datasets...
2022-04-19 14:29:43,132:INFO: Loading the datasets...
2022-04-19 14:30:44,492:INFO: Loading the datasets...
2022-04-19 14:32:14,479:INFO: Loading the datasets...
2022-04-19 14:32:34,023:INFO: Loading the datasets...
2022-04-19 14:32:45,463:INFO: Loading the datasets...
2022-04-19 14:33:07,849:INFO: Loading the datasets...
2022-04-19 14:33:54,742:INFO: Loading the datasets...
2022-04-19 14:34:17,025:INFO: Loading the datasets...
2022-04-19 14:34:26,448:INFO: Loading the datasets...
2022-04-19 14:34:39,204:INFO: Loading the datasets...
2022-04-19 14:35:29,379:INFO: Loading the datasets...
2022-04-19 14:36:57,276:INFO: Loading the datasets...
2022-04-19 14:37:24,641:INFO: Loading the datasets...
2022-04-19 15:11:23,905:INFO: Loading the datasets...
2022-04-19 15:14:32,391:INFO: Loading the datasets...
2022-04-19 15:15:15,314:INFO: Loading the datasets...
2022-04-19 15:17:06,962:INFO: Loading the datasets...
2022-04-19 15:17:16,586:INFO: Loading the datasets...
2022-04-19 15:18:27,605:INFO: Loading the datasets...
2022-04-19 16:23:12,132:INFO: Loading the datasets...
2022-04-19 16:29:30,839:INFO: Loading the datasets...
2022-04-19 22:17:33,078:INFO: Loading the datasets...
2022-04-19 22:17:56,719:INFO: Loading the datasets...
2022-04-19 22:18:19,011:INFO: Loading the datasets...
2022-04-19 22:18:19,022:INFO: - done.
2022-04-19 22:18:19,038:INFO: Starting training for 10 epoch(s)
2022-04-19 22:18:19,038:INFO: Epoch 1/10
2022-04-19 22:18:21,425:INFO: - Train metrics: accuracy: 0.772 ; loss: 0.533
2022-04-19 22:18:21,521:INFO: - Eval metrics : accuracy: 0.845 ; loss: 0.386
2022-04-19 22:18:21,535:INFO: - Found new best accuracy
2022-04-19 22:18:21,536:INFO: Epoch 2/10
2022-04-19 22:18:24,087:INFO: - Train metrics: accuracy: 0.846 ; loss: 0.362
2022-04-19 22:18:24,176:INFO: - Eval metrics : accuracy: 0.849 ; loss: 0.345
2022-04-19 22:18:24,187:INFO: - Found new best accuracy
2022-04-19 22:18:24,188:INFO: Epoch 3/10
2022-04-19 22:18:26,508:INFO: - Train metrics: accuracy: 0.863 ; loss: 0.316
2022-04-19 22:18:26,586:INFO: - Eval metrics : accuracy: 0.854 ; loss: 0.318
2022-04-19 22:18:26,606:INFO: - Found new best accuracy
2022-04-19 22:18:26,607:INFO: Epoch 4/10
2022-04-19 22:18:28,574:INFO: - Train metrics: accuracy: 0.870 ; loss: 0.269
2022-04-19 22:18:28,637:INFO: - Eval metrics : accuracy: 0.858 ; loss: 0.300
2022-04-19 22:18:28,657:INFO: - Found new best accuracy
2022-04-19 22:18:28,659:INFO: Epoch 5/10
2022-04-19 22:18:30,618:INFO: - Train metrics: accuracy: 0.924 ; loss: 0.224
2022-04-19 22:18:30,699:INFO: - Eval metrics : accuracy: 0.863 ; loss: 0.290
2022-04-19 22:18:30,709:INFO: - Found new best accuracy
2022-04-19 22:18:30,710:INFO: Epoch 6/10
2022-04-19 22:18:32,649:INFO: - Train metrics: accuracy: 0.934 ; loss: 0.180
2022-04-19 22:18:32,711:INFO: - Eval metrics : accuracy: 0.866 ; loss: 0.288
2022-04-19 22:18:32,735:INFO: - Found new best accuracy
2022-04-19 22:18:32,736:INFO: Epoch 7/10
2022-04-19 22:18:34,653:INFO: - Train metrics: accuracy: 0.940 ; loss: 0.142
2022-04-19 22:18:34,731:INFO: - Eval metrics : accuracy: 0.866 ; loss: 0.294
2022-04-19 22:18:34,741:INFO: Epoch 8/10
2022-04-19 22:18:36,732:INFO: - Train metrics: accuracy: 0.950 ; loss: 0.112
2022-04-19 22:18:36,826:INFO: - Eval metrics : accuracy: 0.865 ; loss: 0.306
2022-04-19 22:18:36,834:INFO: Epoch 9/10
2022-04-19 22:18:38,931:INFO: - Train metrics: accuracy: 0.958 ; loss: 0.091
2022-04-19 22:18:39,025:INFO: - Eval metrics : accuracy: 0.868 ; loss: 0.323
2022-04-19 22:18:39,036:INFO: - Found new best accuracy
2022-04-19 22:18:39,037:INFO: Epoch 10/10
2022-04-19 22:18:41,041:INFO: - Train metrics: accuracy: 0.964 ; loss: 0.074
2022-04-19 22:18:41,120:INFO: - Eval metrics : accuracy: 0.866 ; loss: 0.344
2022-04-19 22:19:02,920:INFO: Loading the datasets...
2022-04-19 22:19:02,935:INFO: - done.
2022-04-19 22:19:02,935:INFO: Starting training for 10 epoch(s)
2022-04-19 22:19:02,935:INFO: Epoch 1/10
2022-04-19 22:19:04,950:INFO: - Train metrics: accuracy: 0.772 ; loss: 0.533
2022-04-19 22:19:05,045:INFO: - Eval metrics : accuracy: 0.845 ; loss: 0.386
2022-04-19 22:19:05,058:INFO: - Found new best accuracy
2022-04-19 22:19:05,059:INFO: Epoch 2/10
2022-04-19 22:20:37,586:INFO: Loading the datasets...
2022-04-19 22:20:37,600:INFO: - done.
2022-04-19 22:20:37,604:INFO: Starting training for 10 epoch(s)
2022-04-19 22:20:37,604:INFO: Epoch 1/10
2022-04-19 22:20:39,930:INFO: - Train metrics: accuracy: 0.772 ; loss: 0.533
2022-04-19 22:20:40,010:INFO: - Eval metrics : accuracy: 0.845 ; loss: 0.386
2022-04-19 22:20:40,022:INFO: - Found new best accuracy
2022-04-19 22:20:40,023:INFO: Epoch 2/10
2022-04-19 22:20:42,332:INFO: - Train metrics: accuracy: 0.846 ; loss: 0.362
2022-04-19 22:20:42,416:INFO: - Eval metrics : accuracy: 0.849 ; loss: 0.345
2022-04-19 22:20:42,427:INFO: - Found new best accuracy
2022-04-19 22:20:42,428:INFO: Epoch 3/10
2022-04-19 22:20:44,633:INFO: - Train metrics: accuracy: 0.863 ; loss: 0.316
2022-04-19 22:20:44,711:INFO: - Eval metrics : accuracy: 0.854 ; loss: 0.318
2022-04-19 22:20:44,722:INFO: - Found new best accuracy
2022-04-19 22:20:44,723:INFO: Epoch 4/10
2022-04-19 22:20:46,809:INFO: - Train metrics: accuracy: 0.870 ; loss: 0.269
2022-04-19 22:20:46,887:INFO: - Eval metrics : accuracy: 0.858 ; loss: 0.300
2022-04-19 22:20:46,898:INFO: - Found new best accuracy
2022-04-19 22:20:46,899:INFO: Epoch 5/10
2022-04-19 22:20:48,864:INFO: - Train metrics: accuracy: 0.924 ; loss: 0.224
2022-04-19 22:20:48,942:INFO: - Eval metrics : accuracy: 0.863 ; loss: 0.290
2022-04-19 22:20:48,954:INFO: - Found new best accuracy
2022-04-19 22:20:48,955:INFO: Epoch 6/10
2022-04-19 22:20:50,837:INFO: - Train metrics: accuracy: 0.934 ; loss: 0.180
2022-04-19 22:20:50,915:INFO: - Eval metrics : accuracy: 0.866 ; loss: 0.288
2022-04-19 22:20:50,924:INFO: - Found new best accuracy
2022-04-19 22:20:50,925:INFO: Epoch 7/10
2022-04-19 22:20:52,783:INFO: - Train metrics: accuracy: 0.940 ; loss: 0.142
2022-04-19 22:20:52,858:INFO: - Eval metrics : accuracy: 0.866 ; loss: 0.294
2022-04-19 22:20:52,877:INFO: Epoch 8/10
2022-04-19 22:20:54,775:INFO: - Train metrics: accuracy: 0.950 ; loss: 0.112
2022-04-19 22:20:54,853:INFO: - Eval metrics : accuracy: 0.865 ; loss: 0.306
2022-04-19 22:20:54,869:INFO: Epoch 9/10
2022-04-19 22:20:56,812:INFO: - Train metrics: accuracy: 0.958 ; loss: 0.091
2022-04-19 22:20:56,890:INFO: - Eval metrics : accuracy: 0.868 ; loss: 0.323
2022-04-19 22:20:56,912:INFO: - Found new best accuracy
2022-04-19 22:20:56,913:INFO: Epoch 10/10
2022-04-19 22:20:59,242:INFO: - Train metrics: accuracy: 0.964 ; loss: 0.074
2022-04-19 22:20:59,344:INFO: - Eval metrics : accuracy: 0.866 ; loss: 0.344
2022-04-19 23:01:57,939:INFO: Loading the datasets...
2022-04-19 23:01:57,958:INFO: - done.
2022-04-19 23:01:57,963:INFO: Starting training for 10 epoch(s)
2022-04-19 23:01:57,963:INFO: Epoch 1/10
2022-04-19 23:02:00,616:INFO: - Train metrics: accuracy: 0.772 ; loss: 0.533
2022-04-19 23:02:58,346:INFO: Loading the datasets...
2022-04-19 23:02:58,362:INFO: - done.
2022-04-19 23:02:58,365:INFO: Starting training for 1 epoch(s)
2022-04-19 23:02:58,365:INFO: Epoch 1/1
2022-04-19 23:03:01,168:INFO: - Train metrics: accuracy: 0.772 ; loss: 0.533
2022-04-19 23:04:28,239:INFO: Loading the datasets...
2022-04-19 23:04:28,250:INFO: - done.
2022-04-19 23:04:28,253:INFO: Starting training for 1 epoch(s)
2022-04-19 23:04:28,254:INFO: Epoch 1/1
2022-04-19 23:04:30,853:INFO: - Train metrics: accuracy: 0.772 ; loss: 0.533
2022-04-19 23:04:30,943:INFO: - Eval metrics : accuracy: 0.845 ; loss: 0.386
2022-04-19 23:04:30,955:INFO: - Found new best accuracy
2022-04-19 23:06:53,633:INFO: Loading the datasets...
2022-04-19 23:06:53,650:INFO: - done.
2022-04-19 23:06:53,656:INFO: Starting training for 1 epoch(s)
2022-04-19 23:06:53,656:INFO: Epoch 1/1
2022-04-19 23:06:56,289:INFO: - Train metrics: accuracy: 0.772 ; loss: 0.533
2022-04-19 23:06:56,388:INFO: - Eval metrics : accuracy: 0.845 ; loss: 0.386
2022-04-19 23:06:56,401:INFO: - Found new best accuracy
2022-04-19 23:09:07,044:INFO: Loading the datasets...
2022-04-19 23:09:07,056:INFO: - done.
2022-04-19 23:09:07,059:INFO: Starting training for 3 epoch(s)
2022-04-19 23:09:07,059:INFO: Epoch 1/3
2022-04-19 23:09:09,767:INFO: - Train metrics: accuracy: 0.772 ; loss: 0.533
2022-04-19 23:09:09,899:INFO: - Eval metrics : accuracy: 0.845 ; loss: 0.386
2022-04-19 23:09:09,914:INFO: - Found new best accuracy
2022-04-19 23:09:09,916:INFO: Epoch 2/3
2022-04-19 23:09:13,004:INFO: - Train metrics: accuracy: 0.846 ; loss: 0.362
2022-04-19 23:09:13,121:INFO: - Eval metrics : accuracy: 0.849 ; loss: 0.345
2022-04-19 23:09:13,132:INFO: - Found new best accuracy
2022-04-19 23:09:13,133:INFO: Epoch 3/3
2022-04-19 23:09:15,254:INFO: - Train metrics: accuracy: 0.863 ; loss: 0.316
2022-04-19 23:09:15,332:INFO: - Eval metrics : accuracy: 0.854 ; loss: 0.318
2022-04-19 23:09:15,357:INFO: - Found new best accuracy
2022-04-19 23:09:35,368:INFO: Loading the datasets...
2022-04-19 23:09:35,380:INFO: - done.
2022-04-19 23:09:35,383:INFO: Starting training for 5 epoch(s)
2022-04-19 23:09:35,383:INFO: Epoch 1/5
2022-04-19 23:09:37,881:INFO: - Train metrics: accuracy: 0.772 ; loss: 0.533
2022-04-19 23:09:37,970:INFO: - Eval metrics : accuracy: 0.845 ; loss: 0.386
2022-04-19 23:09:37,982:INFO: - Found new best accuracy
2022-04-19 23:09:37,984:INFO: Epoch 2/5
2022-04-19 23:09:40,646:INFO: - Train metrics: accuracy: 0.846 ; loss: 0.362
2022-04-19 23:09:40,719:INFO: - Eval metrics : accuracy: 0.849 ; loss: 0.345
2022-04-19 23:09:40,739:INFO: - Found new best accuracy
2022-04-19 23:09:40,740:INFO: Epoch 3/5
2022-04-19 23:09:42,662:INFO: - Train metrics: accuracy: 0.863 ; loss: 0.316
2022-04-19 23:09:42,740:INFO: - Eval metrics : accuracy: 0.854 ; loss: 0.318
2022-04-19 23:09:42,769:INFO: - Found new best accuracy
2022-04-19 23:09:42,770:INFO: Epoch 4/5
2022-04-19 23:09:44,666:INFO: - Train metrics: accuracy: 0.870 ; loss: 0.269
2022-04-19 23:09:44,728:INFO: - Eval metrics : accuracy: 0.858 ; loss: 0.300
2022-04-19 23:09:44,748:INFO: - Found new best accuracy
2022-04-19 23:09:44,750:INFO: Epoch 5/5
2022-04-19 23:09:46,593:INFO: - Train metrics: accuracy: 0.924 ; loss: 0.224
2022-04-19 23:09:46,672:INFO: - Eval metrics : accuracy: 0.863 ; loss: 0.290
2022-04-19 23:09:46,695:INFO: - Found new best accuracy
2022-04-19 23:10:33,980:INFO: Loading the datasets...
2022-04-19 23:10:34,009:INFO: - done.
2022-04-19 23:10:34,016:INFO: Starting training for 13 epoch(s)
2022-04-19 23:10:34,016:INFO: Epoch 1/13
2022-04-19 23:10:37,267:INFO: - Train metrics: accuracy: 0.772 ; loss: 0.533
2022-04-19 23:10:37,387:INFO: - Eval metrics : accuracy: 0.845 ; loss: 0.386
2022-04-19 23:10:37,400:INFO: - Found new best accuracy
2022-04-19 23:10:37,401:INFO: Epoch 2/13
2022-04-19 23:10:39,951:INFO: - Train metrics: accuracy: 0.846 ; loss: 0.362
2022-04-19 23:10:40,047:INFO: - Eval metrics : accuracy: 0.849 ; loss: 0.345
2022-04-19 23:10:40,057:INFO: - Found new best accuracy
2022-04-19 23:10:40,058:INFO: Epoch 3/13
2022-04-19 23:10:42,242:INFO: - Train metrics: accuracy: 0.863 ; loss: 0.316
2022-04-19 23:10:42,320:INFO: - Eval metrics : accuracy: 0.854 ; loss: 0.318
2022-04-19 23:10:42,341:INFO: - Found new best accuracy
2022-04-19 23:10:42,342:INFO: Epoch 4/13
2022-04-19 23:10:44,287:INFO: - Train metrics: accuracy: 0.870 ; loss: 0.269
2022-04-19 23:10:44,365:INFO: - Eval metrics : accuracy: 0.858 ; loss: 0.300
2022-04-19 23:10:44,379:INFO: - Found new best accuracy
2022-04-19 23:10:44,380:INFO: Epoch 5/13
2022-04-19 23:10:46,303:INFO: - Train metrics: accuracy: 0.924 ; loss: 0.224
2022-04-19 23:10:46,397:INFO: - Eval metrics : accuracy: 0.863 ; loss: 0.290
2022-04-19 23:10:46,408:INFO: - Found new best accuracy
2022-04-19 23:10:46,409:INFO: Epoch 6/13
2022-04-19 23:10:48,266:INFO: - Train metrics: accuracy: 0.934 ; loss: 0.180
2022-04-19 23:10:48,345:INFO: - Eval metrics : accuracy: 0.866 ; loss: 0.288
2022-04-19 23:10:48,355:INFO: - Found new best accuracy
2022-04-19 23:10:48,357:INFO: Epoch 7/13
2022-04-19 23:10:50,244:INFO: - Train metrics: accuracy: 0.940 ; loss: 0.142
2022-04-19 23:10:50,307:INFO: - Eval metrics : accuracy: 0.866 ; loss: 0.294
2022-04-19 23:10:50,321:INFO: Epoch 8/13
2022-04-19 23:10:52,164:INFO: - Train metrics: accuracy: 0.950 ; loss: 0.112
2022-04-19 23:10:52,242:INFO: - Eval metrics : accuracy: 0.865 ; loss: 0.306
2022-04-19 23:10:52,257:INFO: Epoch 9/13
2022-04-19 23:10:54,173:INFO: - Train metrics: accuracy: 0.958 ; loss: 0.091
2022-04-19 23:10:54,267:INFO: - Eval metrics : accuracy: 0.868 ; loss: 0.323
2022-04-19 23:10:54,291:INFO: - Found new best accuracy
2022-04-19 23:10:54,293:INFO: Epoch 10/13
2022-04-19 23:10:56,366:INFO: - Train metrics: accuracy: 0.964 ; loss: 0.074
2022-04-19 23:10:56,459:INFO: - Eval metrics : accuracy: 0.866 ; loss: 0.344
2022-04-19 23:10:56,475:INFO: Epoch 11/13
2022-04-19 23:10:58,948:INFO: - Train metrics: accuracy: 0.966 ; loss: 0.058
2022-04-19 23:10:59,026:INFO: - Eval metrics : accuracy: 0.865 ; loss: 0.369
2022-04-19 23:10:59,045:INFO: Epoch 12/13
2022-04-19 23:11:01,124:INFO: - Train metrics: accuracy: 0.982 ; loss: 0.044
2022-04-19 23:11:01,203:INFO: - Eval metrics : accuracy: 0.865 ; loss: 0.393
2022-04-19 23:11:01,211:INFO: Epoch 13/13
2022-04-19 23:11:03,080:INFO: - Train metrics: accuracy: 0.987 ; loss: 0.032
2022-04-19 23:11:03,159:INFO: - Eval metrics : accuracy: 0.864 ; loss: 0.415
2022-04-19 23:11:37,106:INFO: Loading the datasets...
2022-04-19 23:11:37,121:INFO: - done.
2022-04-19 23:11:37,124:INFO: Starting training for 15 epoch(s)
2022-04-19 23:11:37,124:INFO: Epoch 1/15
2022-04-19 23:11:39,961:INFO: - Train metrics: accuracy: 0.772 ; loss: 0.533
2022-04-19 23:11:40,066:INFO: - Eval metrics : accuracy: 0.845 ; loss: 0.386
2022-04-19 23:11:40,079:INFO: - Found new best accuracy
2022-04-19 23:11:40,081:INFO: Epoch 2/15
2022-04-19 23:11:42,416:INFO: - Train metrics: accuracy: 0.846 ; loss: 0.362
2022-04-19 23:11:42,520:INFO: - Eval metrics : accuracy: 0.849 ; loss: 0.345
2022-04-19 23:11:42,536:INFO: - Found new best accuracy
2022-04-19 23:11:42,538:INFO: Epoch 3/15
2022-04-19 23:11:44,887:INFO: - Train metrics: accuracy: 0.863 ; loss: 0.316
2022-04-19 23:11:44,965:INFO: - Eval metrics : accuracy: 0.854 ; loss: 0.318
2022-04-19 23:11:44,977:INFO: - Found new best accuracy
2022-04-19 23:11:44,978:INFO: Epoch 4/15
2022-04-19 23:11:46,900:INFO: - Train metrics: accuracy: 0.870 ; loss: 0.269
2022-04-19 23:11:46,978:INFO: - Eval metrics : accuracy: 0.858 ; loss: 0.300
2022-04-19 23:11:46,996:INFO: - Found new best accuracy
2022-04-19 23:11:46,997:INFO: Epoch 5/15
2022-04-19 23:11:48,907:INFO: - Train metrics: accuracy: 0.924 ; loss: 0.224
2022-04-19 23:11:48,969:INFO: - Eval metrics : accuracy: 0.863 ; loss: 0.290
2022-04-19 23:11:48,993:INFO: - Found new best accuracy
2022-04-19 23:11:48,994:INFO: Epoch 6/15
2022-04-19 23:11:50,868:INFO: - Train metrics: accuracy: 0.934 ; loss: 0.180
2022-04-19 23:11:50,946:INFO: - Eval metrics : accuracy: 0.866 ; loss: 0.288
2022-04-19 23:11:50,965:INFO: - Found new best accuracy
2022-04-19 23:11:50,966:INFO: Epoch 7/15
2022-04-19 23:11:52,872:INFO: - Train metrics: accuracy: 0.940 ; loss: 0.142
2022-04-19 23:11:52,949:INFO: - Eval metrics : accuracy: 0.866 ; loss: 0.294
2022-04-19 23:11:52,956:INFO: Epoch 8/15
2022-04-19 23:11:54,835:INFO: - Train metrics: accuracy: 0.950 ; loss: 0.112
2022-04-19 23:11:54,913:INFO: - Eval metrics : accuracy: 0.865 ; loss: 0.306
2022-04-19 23:11:54,927:INFO: Epoch 9/15
2022-04-19 23:11:56,802:INFO: - Train metrics: accuracy: 0.958 ; loss: 0.091
2022-04-19 23:11:56,895:INFO: - Eval metrics : accuracy: 0.868 ; loss: 0.323
2022-04-19 23:11:56,918:INFO: - Found new best accuracy
2022-04-19 23:11:56,919:INFO: Epoch 10/15
2022-04-19 23:11:59,400:INFO: - Train metrics: accuracy: 0.964 ; loss: 0.074
2022-04-19 23:11:59,493:INFO: - Eval metrics : accuracy: 0.866 ; loss: 0.344
2022-04-19 23:11:59,504:INFO: Epoch 11/15
2022-04-19 23:12:01,450:INFO: - Train metrics: accuracy: 0.966 ; loss: 0.058
2022-04-19 23:12:01,528:INFO: - Eval metrics : accuracy: 0.865 ; loss: 0.369
2022-04-19 23:12:01,540:INFO: Epoch 12/15
2022-04-19 23:12:03,450:INFO: - Train metrics: accuracy: 0.982 ; loss: 0.044
2022-04-19 23:12:03,512:INFO: - Eval metrics : accuracy: 0.865 ; loss: 0.393
2022-04-19 23:12:03,535:INFO: Epoch 13/15
2022-04-19 23:12:05,413:INFO: - Train metrics: accuracy: 0.987 ; loss: 0.032
2022-04-19 23:12:05,492:INFO: - Eval metrics : accuracy: 0.864 ; loss: 0.415
2022-04-19 23:12:05,507:INFO: Epoch 14/15
2022-04-19 23:12:07,428:INFO: - Train metrics: accuracy: 0.993 ; loss: 0.024
2022-04-19 23:12:07,507:INFO: - Eval metrics : accuracy: 0.864 ; loss: 0.436
2022-04-19 23:12:07,520:INFO: Epoch 15/15
2022-04-19 23:12:09,413:INFO: - Train metrics: accuracy: 0.993 ; loss: 0.019
2022-04-19 23:12:09,491:INFO: - Eval metrics : accuracy: 0.866 ; loss: 0.458
2022-04-19 23:12:49,268:INFO: Loading the datasets...
2022-04-19 23:12:49,277:INFO: - done.
2022-04-19 23:12:49,277:INFO: Starting training for 20 epoch(s)
2022-04-19 23:12:49,277:INFO: Epoch 1/20
2022-04-19 23:12:51,398:INFO: - Train metrics: accuracy: 0.772 ; loss: 0.533
2022-04-19 23:12:51,490:INFO: - Eval metrics : accuracy: 0.845 ; loss: 0.386
2022-04-19 23:12:51,502:INFO: - Found new best accuracy
2022-04-19 23:12:51,504:INFO: Epoch 2/20
2022-04-19 23:12:53,834:INFO: - Train metrics: accuracy: 0.846 ; loss: 0.362
2022-04-19 23:12:53,935:INFO: - Eval metrics : accuracy: 0.849 ; loss: 0.345
2022-04-19 23:12:53,947:INFO: - Found new best accuracy
2022-04-19 23:12:53,948:INFO: Epoch 3/20
2022-04-19 23:12:56,456:INFO: - Train metrics: accuracy: 0.863 ; loss: 0.316
2022-04-19 23:12:56,540:INFO: - Eval metrics : accuracy: 0.854 ; loss: 0.318
2022-04-19 23:12:56,551:INFO: - Found new best accuracy
2022-04-19 23:12:56,553:INFO: Epoch 4/20
2022-04-19 23:12:59,131:INFO: - Train metrics: accuracy: 0.870 ; loss: 0.269
2022-04-19 23:12:59,211:INFO: - Eval metrics : accuracy: 0.858 ; loss: 0.300
2022-04-19 23:12:59,231:INFO: - Found new best accuracy
2022-04-19 23:12:59,233:INFO: Epoch 5/20
2022-04-19 23:13:01,492:INFO: - Train metrics: accuracy: 0.924 ; loss: 0.224
2022-04-19 23:13:01,571:INFO: - Eval metrics : accuracy: 0.863 ; loss: 0.290
2022-04-19 23:13:01,592:INFO: - Found new best accuracy
2022-04-19 23:13:01,593:INFO: Epoch 6/20
2022-04-19 23:13:03,779:INFO: - Train metrics: accuracy: 0.934 ; loss: 0.180
2022-04-19 23:13:03,857:INFO: - Eval metrics : accuracy: 0.866 ; loss: 0.288
2022-04-19 23:13:03,871:INFO: - Found new best accuracy
2022-04-19 23:13:03,872:INFO: Epoch 7/20
2022-04-19 23:13:05,812:INFO: - Train metrics: accuracy: 0.940 ; loss: 0.142
2022-04-19 23:13:05,890:INFO: - Eval metrics : accuracy: 0.866 ; loss: 0.294
2022-04-19 23:13:05,900:INFO: Epoch 8/20
2022-04-19 23:13:07,937:INFO: - Train metrics: accuracy: 0.950 ; loss: 0.112
2022-04-19 23:13:08,015:INFO: - Eval metrics : accuracy: 0.865 ; loss: 0.306
2022-04-19 23:13:08,028:INFO: Epoch 9/20
2022-04-19 23:13:10,053:INFO: - Train metrics: accuracy: 0.958 ; loss: 0.091
2022-04-19 23:13:10,116:INFO: - Eval metrics : accuracy: 0.868 ; loss: 0.323
2022-04-19 23:13:10,138:INFO: - Found new best accuracy
2022-04-19 23:13:10,139:INFO: Epoch 10/20
2022-04-19 23:13:12,091:INFO: - Train metrics: accuracy: 0.964 ; loss: 0.074
2022-04-19 23:13:12,170:INFO: - Eval metrics : accuracy: 0.866 ; loss: 0.344
2022-04-19 23:13:12,179:INFO: Epoch 11/20
2022-04-19 23:13:14,108:INFO: - Train metrics: accuracy: 0.966 ; loss: 0.058
2022-04-19 23:13:14,172:INFO: - Eval metrics : accuracy: 0.865 ; loss: 0.369
2022-04-19 23:13:14,194:INFO: Epoch 12/20
2022-04-19 23:13:16,125:INFO: - Train metrics: accuracy: 0.982 ; loss: 0.044
2022-04-19 23:13:16,205:INFO: - Eval metrics : accuracy: 0.865 ; loss: 0.393
2022-04-19 23:13:16,217:INFO: Epoch 13/20
2022-04-19 23:13:18,265:INFO: - Train metrics: accuracy: 0.987 ; loss: 0.032
2022-04-19 23:13:18,346:INFO: - Eval metrics : accuracy: 0.864 ; loss: 0.415
2022-04-19 23:13:18,370:INFO: Epoch 14/20
2022-04-19 23:13:20,478:INFO: - Train metrics: accuracy: 0.993 ; loss: 0.024
2022-04-19 23:13:20,557:INFO: - Eval metrics : accuracy: 0.864 ; loss: 0.436
2022-04-19 23:13:20,566:INFO: Epoch 15/20
2022-04-19 23:13:22,551:INFO: - Train metrics: accuracy: 0.993 ; loss: 0.019
2022-04-19 23:13:22,614:INFO: - Eval metrics : accuracy: 0.866 ; loss: 0.458
2022-04-19 23:13:22,636:INFO: Epoch 16/20
2022-04-19 23:13:24,664:INFO: - Train metrics: accuracy: 0.993 ; loss: 0.016
2022-04-19 23:13:24,727:INFO: - Eval metrics : accuracy: 0.867 ; loss: 0.479
2022-04-19 23:13:24,750:INFO: Epoch 17/20
2022-04-19 23:13:26,689:INFO: - Train metrics: accuracy: 0.993 ; loss: 0.014
2022-04-19 23:13:26,767:INFO: - Eval metrics : accuracy: 0.866 ; loss: 0.497
2022-04-19 23:13:26,775:INFO: Epoch 18/20
2022-04-19 23:13:28,694:INFO: - Train metrics: accuracy: 0.993 ; loss: 0.013
2022-04-19 23:13:28,772:INFO: - Eval metrics : accuracy: 0.863 ; loss: 0.514
2022-04-19 23:13:28,786:INFO: Epoch 19/20
2022-04-19 23:13:30,736:INFO: - Train metrics: accuracy: 0.993 ; loss: 0.012
2022-04-19 23:13:30,815:INFO: - Eval metrics : accuracy: 0.864 ; loss: 0.534
2022-04-19 23:13:30,830:INFO: Epoch 20/20
2022-04-19 23:13:32,878:INFO: - Train metrics: accuracy: 0.993 ; loss: 0.012
2022-04-19 23:13:32,955:INFO: - Eval metrics : accuracy: 0.870 ; loss: 0.567
2022-04-19 23:13:32,968:INFO: - Found new best accuracy
2022-04-19 23:14:04,447:INFO: Loading the datasets...
2022-04-19 23:14:04,474:INFO: - done.
2022-04-19 23:14:04,481:INFO: Starting training for 10 epoch(s)
2022-04-19 23:14:04,481:INFO: Epoch 1/10
2022-04-19 23:14:08,061:INFO: - Train metrics: accuracy: 0.772 ; loss: 0.533
2022-04-19 23:14:08,162:INFO: - Eval metrics : accuracy: 0.845 ; loss: 0.386
2022-04-19 23:14:08,175:INFO: - Found new best accuracy
2022-04-19 23:14:08,176:INFO: Epoch 2/10
2022-04-19 23:14:10,570:INFO: - Train metrics: accuracy: 0.846 ; loss: 0.362
2022-04-19 23:14:10,688:INFO: - Eval metrics : accuracy: 0.849 ; loss: 0.345
2022-04-19 23:14:10,699:INFO: - Found new best accuracy
2022-04-19 23:14:10,701:INFO: Epoch 3/10
2022-04-19 23:14:12,952:INFO: - Train metrics: accuracy: 0.863 ; loss: 0.316
2022-04-19 23:14:13,030:INFO: - Eval metrics : accuracy: 0.854 ; loss: 0.318
2022-04-19 23:14:13,048:INFO: - Found new best accuracy
2022-04-19 23:14:13,049:INFO: Epoch 4/10
2022-04-19 23:14:14,916:INFO: - Train metrics: accuracy: 0.870 ; loss: 0.269
2022-04-19 23:14:14,994:INFO: - Eval metrics : accuracy: 0.858 ; loss: 0.300
2022-04-19 23:14:15,009:INFO: - Found new best accuracy
2022-04-19 23:14:15,010:INFO: Epoch 5/10
2022-04-19 23:14:16,958:INFO: - Train metrics: accuracy: 0.924 ; loss: 0.224
2022-04-19 23:14:17,036:INFO: - Eval metrics : accuracy: 0.863 ; loss: 0.290
2022-04-19 23:14:17,052:INFO: - Found new best accuracy
2022-04-19 23:14:17,053:INFO: Epoch 6/10
2022-04-19 23:14:19,027:INFO: - Train metrics: accuracy: 0.934 ; loss: 0.180
2022-04-19 23:14:19,114:INFO: - Eval metrics : accuracy: 0.866 ; loss: 0.288
2022-04-19 23:14:19,125:INFO: - Found new best accuracy
2022-04-19 23:14:19,126:INFO: Epoch 7/10
2022-04-19 23:14:21,067:INFO: - Train metrics: accuracy: 0.940 ; loss: 0.142
2022-04-19 23:14:21,130:INFO: - Eval metrics : accuracy: 0.866 ; loss: 0.294
2022-04-19 23:14:21,150:INFO: Epoch 8/10
2022-04-19 23:14:23,276:INFO: - Train metrics: accuracy: 0.950 ; loss: 0.112
2022-04-19 23:14:23,370:INFO: - Eval metrics : accuracy: 0.865 ; loss: 0.306
2022-04-19 23:14:23,392:INFO: Epoch 9/10
2022-04-19 23:14:25,367:INFO: - Train metrics: accuracy: 0.958 ; loss: 0.091
2022-04-19 23:14:25,445:INFO: - Eval metrics : accuracy: 0.868 ; loss: 0.323
2022-04-19 23:14:25,462:INFO: - Found new best accuracy
2022-04-19 23:14:25,463:INFO: Epoch 10/10
2022-04-19 23:14:27,438:INFO: - Train metrics: accuracy: 0.964 ; loss: 0.074
2022-04-19 23:14:27,509:INFO: - Eval metrics : accuracy: 0.866 ; loss: 0.344
2022-04-19 23:22:29,126:INFO: Loading the datasets...
2022-04-19 23:22:29,137:INFO: - done.
2022-04-19 23:22:29,139:INFO: Starting training for 25 epoch(s)
2022-04-19 23:22:29,140:INFO: Epoch 1/25
2022-04-19 23:22:32,524:INFO: - Train metrics: accuracy: 0.772 ; loss: 0.533
2022-04-19 23:22:32,736:INFO: - Eval metrics : accuracy: 0.845 ; loss: 0.386
2022-04-19 23:22:32,754:INFO: - Found new best accuracy
2022-04-19 23:22:32,756:INFO: Epoch 2/25
2022-04-19 23:22:35,465:INFO: - Train metrics: accuracy: 0.846 ; loss: 0.362
2022-04-19 23:22:35,559:INFO: - Eval metrics : accuracy: 0.849 ; loss: 0.345
2022-04-19 23:22:35,577:INFO: - Found new best accuracy
2022-04-19 23:22:35,579:INFO: Epoch 3/25
2022-04-19 23:22:38,220:INFO: - Train metrics: accuracy: 0.863 ; loss: 0.316
2022-04-19 23:22:38,314:INFO: - Eval metrics : accuracy: 0.854 ; loss: 0.318
2022-04-19 23:22:38,328:INFO: - Found new best accuracy
2022-04-19 23:22:38,329:INFO: Epoch 4/25
2022-04-19 23:22:40,337:INFO: - Train metrics: accuracy: 0.870 ; loss: 0.269
2022-04-19 23:22:40,400:INFO: - Eval metrics : accuracy: 0.858 ; loss: 0.300
2022-04-19 23:22:40,424:INFO: - Found new best accuracy
2022-04-19 23:22:40,425:INFO: Epoch 5/25
2022-04-19 23:22:42,278:INFO: - Train metrics: accuracy: 0.924 ; loss: 0.224
2022-04-19 23:22:42,356:INFO: - Eval metrics : accuracy: 0.863 ; loss: 0.290
2022-04-19 23:22:42,371:INFO: - Found new best accuracy
2022-04-19 23:22:42,373:INFO: Epoch 6/25
2022-04-19 23:22:44,288:INFO: - Train metrics: accuracy: 0.934 ; loss: 0.180
2022-04-19 23:22:44,366:INFO: - Eval metrics : accuracy: 0.866 ; loss: 0.288
2022-04-19 23:22:44,378:INFO: - Found new best accuracy
2022-04-19 23:22:44,380:INFO: Epoch 7/25
2022-04-19 23:22:46,461:INFO: - Train metrics: accuracy: 0.940 ; loss: 0.142
2022-04-19 23:22:46,539:INFO: - Eval metrics : accuracy: 0.866 ; loss: 0.294
2022-04-19 23:22:46,554:INFO: Epoch 8/25
2022-04-19 23:22:48,494:INFO: - Train metrics: accuracy: 0.950 ; loss: 0.112
2022-04-19 23:22:48,557:INFO: - Eval metrics : accuracy: 0.865 ; loss: 0.306
2022-04-19 23:22:48,576:INFO: Epoch 9/25
2022-04-19 23:22:50,494:INFO: - Train metrics: accuracy: 0.958 ; loss: 0.091
2022-04-19 23:22:50,572:INFO: - Eval metrics : accuracy: 0.868 ; loss: 0.323
2022-04-19 23:22:50,587:INFO: - Found new best accuracy
2022-04-19 23:22:50,588:INFO: Epoch 10/25
2022-04-19 23:22:52,533:INFO: - Train metrics: accuracy: 0.964 ; loss: 0.074
2022-04-19 23:22:52,596:INFO: - Eval metrics : accuracy: 0.866 ; loss: 0.344
2022-04-19 23:22:52,618:INFO: Epoch 11/25
2022-04-19 23:22:54,681:INFO: - Train metrics: accuracy: 0.966 ; loss: 0.058
2022-04-19 23:22:54,768:INFO: - Eval metrics : accuracy: 0.865 ; loss: 0.369
2022-04-19 23:22:54,781:INFO: Epoch 12/25
2022-04-19 23:22:56,813:INFO: - Train metrics: accuracy: 0.982 ; loss: 0.044
2022-04-19 23:22:56,891:INFO: - Eval metrics : accuracy: 0.865 ; loss: 0.393
2022-04-19 23:22:56,900:INFO: Epoch 13/25
2022-04-19 23:22:59,226:INFO: - Train metrics: accuracy: 0.987 ; loss: 0.032
2022-04-19 23:22:59,346:INFO: - Eval metrics : accuracy: 0.864 ; loss: 0.415
2022-04-19 23:22:59,367:INFO: Epoch 14/25
2022-04-19 23:23:01,421:INFO: - Train metrics: accuracy: 0.993 ; loss: 0.024
2022-04-19 23:23:01,485:INFO: - Eval metrics : accuracy: 0.864 ; loss: 0.436
2022-04-19 23:23:01,507:INFO: Epoch 15/25
2022-04-19 23:23:03,394:INFO: - Train metrics: accuracy: 0.993 ; loss: 0.019
2022-04-19 23:23:03,472:INFO: - Eval metrics : accuracy: 0.866 ; loss: 0.458
2022-04-19 23:23:03,484:INFO: Epoch 16/25
2022-04-19 23:23:05,335:INFO: - Train metrics: accuracy: 0.993 ; loss: 0.016
2022-04-19 23:23:05,413:INFO: - Eval metrics : accuracy: 0.867 ; loss: 0.479
2022-04-19 23:23:05,423:INFO: Epoch 17/25
2022-04-19 23:23:07,282:INFO: - Train metrics: accuracy: 0.993 ; loss: 0.014
2022-04-19 23:23:07,344:INFO: - Eval metrics : accuracy: 0.866 ; loss: 0.497
2022-04-19 23:23:07,363:INFO: Epoch 18/25
2022-04-19 23:23:09,257:INFO: - Train metrics: accuracy: 0.993 ; loss: 0.013
2022-04-19 23:23:09,333:INFO: - Eval metrics : accuracy: 0.863 ; loss: 0.514
2022-04-19 23:23:09,341:INFO: Epoch 19/25
2022-04-19 23:23:11,444:INFO: - Train metrics: accuracy: 0.993 ; loss: 0.012
2022-04-19 23:23:11,507:INFO: - Eval metrics : accuracy: 0.864 ; loss: 0.534
2022-04-19 23:23:11,527:INFO: Epoch 20/25
2022-04-19 23:23:13,432:INFO: - Train metrics: accuracy: 0.993 ; loss: 0.012
2022-04-19 23:23:13,511:INFO: - Eval metrics : accuracy: 0.870 ; loss: 0.567
2022-04-19 23:23:13,523:INFO: - Found new best accuracy
2022-04-19 23:23:13,524:INFO: Epoch 21/25
2022-04-19 23:23:15,890:INFO: - Train metrics: accuracy: 0.993 ; loss: 0.012
2022-04-19 23:23:16,003:INFO: - Eval metrics : accuracy: 0.870 ; loss: 0.606
2022-04-19 23:23:16,016:INFO: - Found new best accuracy
2022-04-19 23:23:16,017:INFO: Epoch 22/25
2022-04-19 23:23:18,136:INFO: - Train metrics: accuracy: 0.993 ; loss: 0.013
2022-04-19 23:23:18,216:INFO: - Eval metrics : accuracy: 0.868 ; loss: 0.607
2022-04-19 23:23:18,231:INFO: Epoch 23/25
2022-04-19 23:23:20,093:INFO: - Train metrics: accuracy: 0.993 ; loss: 0.010
2022-04-19 23:23:20,172:INFO: - Eval metrics : accuracy: 0.864 ; loss: 0.581
2022-04-19 23:23:20,179:INFO: Epoch 24/25
2022-04-19 23:23:22,177:INFO: - Train metrics: accuracy: 0.993 ; loss: 0.009
2022-04-19 23:23:22,255:INFO: - Eval metrics : accuracy: 0.864 ; loss: 0.570
2022-04-19 23:23:22,266:INFO: Epoch 25/25
2022-04-19 23:23:24,157:INFO: - Train metrics: accuracy: 0.993 ; loss: 0.010
2022-04-19 23:23:24,235:INFO: - Eval metrics : accuracy: 0.861 ; loss: 0.575
